  [1m[35m (0.1ms)[0m  [1m[34mSELECT sqlite_version(*)[0m
  ↳ bin/rails:9
  [1m[35m (1.9ms)[0m  [1m[35mCREATE TABLE "schema_migrations" ("version" varchar NOT NULL PRIMARY KEY)[0m
  ↳ bin/rails:9
  [1m[35m (1.2ms)[0m  [1m[35mCREATE TABLE "ar_internal_metadata" ("key" varchar NOT NULL PRIMARY KEY, "value" varchar, "created_at" datetime NOT NULL, "updated_at" datetime NOT NULL)[0m
  ↳ bin/rails:9
  [1m[35m (0.3ms)[0m  [1m[34mSELECT "schema_migrations"."version" FROM "schema_migrations" ORDER BY "schema_migrations"."version" ASC[0m
  ↳ bin/rails:9
Migrating to CreateCupcakes (20181015150612)
  [1m[35m (0.1ms)[0m  [1m[36mbegin transaction[0m
  ↳ bin/rails:9
  [1m[35m (0.6ms)[0m  [1m[35mCREATE TABLE "cupcakes" ("id" integer PRIMARY KEY AUTOINCREMENT NOT NULL, "name" varchar, "price" integer, "created_at" datetime NOT NULL, "updated_at" datetime NOT NULL)[0m
  ↳ db/migrate/20181015150612_create_cupcakes.rb:3
  [1m[36mActiveRecord::SchemaMigration Create (0.3ms)[0m  [1m[32mINSERT INTO "schema_migrations" ("version") VALUES (?)[0m  [["version", "20181015150612"]]
  ↳ bin/rails:9
  [1m[35m (1.0ms)[0m  [1m[36mcommit transaction[0m
  ↳ bin/rails:9
  [1m[36mActiveRecord::InternalMetadata Load (0.2ms)[0m  [1m[34mSELECT  "ar_internal_metadata".* FROM "ar_internal_metadata" WHERE "ar_internal_metadata"."key" = ? LIMIT ?[0m  [["key", "environment"], ["LIMIT", 1]]
  ↳ bin/rails:9
  [1m[35m (0.4ms)[0m  [1m[36mbegin transaction[0m
  ↳ bin/rails:9
  [1m[36mActiveRecord::InternalMetadata Create (0.4ms)[0m  [1m[32mINSERT INTO "ar_internal_metadata" ("key", "value", "created_at", "updated_at") VALUES (?, ?, ?, ?)[0m  [["key", "environment"], ["value", "development"], ["created_at", "2018-10-15 15:06:38.053309"], ["updated_at", "2018-10-15 15:06:38.053309"]]
  ↳ bin/rails:9
  [1m[35m (0.7ms)[0m  [1m[36mcommit transaction[0m
  ↳ bin/rails:9
  [1m[35m (0.4ms)[0m  [1m[34mSELECT "schema_migrations"."version" FROM "schema_migrations" ORDER BY "schema_migrations"."version" ASC[0m
  ↳ bin/rails:9
Started GET "/cupcakes" for 127.0.0.1 at 2018-10-15 16:20:52 +0100
  [1m[35m (0.2ms)[0m  [1m[34mSELECT "schema_migrations"."version" FROM "schema_migrations" ORDER BY "schema_migrations"."version" ASC[0m
  ↳ /Users/dkaczmarczyk/.rvm/gems/ruby-2.3.3/gems/activerecord-5.2.1/lib/active_record/log_subscriber.rb:98
  
ActionController::RoutingError (uninitialized constant CupcakesController):
  
bootsnap (1.3.2) lib/bootsnap/load_path_cache/core_ext/active_support.rb:74:in `block in load_missing_constant'
bootsnap (1.3.2) lib/bootsnap/load_path_cache/core_ext/active_support.rb:8:in `without_bootsnap_cache'
bootsnap (1.3.2) lib/bootsnap/load_path_cache/core_ext/active_support.rb:74:in `rescue in load_missing_constant'
bootsnap (1.3.2) lib/bootsnap/load_path_cache/core_ext/active_support.rb:57:in `load_missing_constant'
activesupport (5.2.1) lib/active_support/inflector/methods.rb:283:in `const_get'
activesupport (5.2.1) lib/active_support/inflector/methods.rb:283:in `block in constantize'
activesupport (5.2.1) lib/active_support/inflector/methods.rb:281:in `each'
activesupport (5.2.1) lib/active_support/inflector/methods.rb:281:in `inject'
activesupport (5.2.1) lib/active_support/inflector/methods.rb:281:in `constantize'
actionpack (5.2.1) lib/action_dispatch/http/request.rb:88:in `controller_class_for'
actionpack (5.2.1) lib/action_dispatch/http/request.rb:81:in `controller_class'
actionpack (5.2.1) lib/action_dispatch/routing/route_set.rb:46:in `controller'
actionpack (5.2.1) lib/action_dispatch/routing/route_set.rb:32:in `serve'
actionpack (5.2.1) lib/action_dispatch/journey/router.rb:52:in `block in serve'
actionpack (5.2.1) lib/action_dispatch/journey/router.rb:35:in `each'
actionpack (5.2.1) lib/action_dispatch/journey/router.rb:35:in `serve'
actionpack (5.2.1) lib/action_dispatch/routing/route_set.rb:840:in `call'
rack (2.0.5) lib/rack/tempfile_reaper.rb:15:in `call'
rack (2.0.5) lib/rack/etag.rb:25:in `call'
rack (2.0.5) lib/rack/conditional_get.rb:25:in `call'
rack (2.0.5) lib/rack/head.rb:12:in `call'
actionpack (5.2.1) lib/action_dispatch/http/content_security_policy.rb:18:in `call'
rack (2.0.5) lib/rack/session/abstract/id.rb:232:in `context'
rack (2.0.5) lib/rack/session/abstract/id.rb:226:in `call'
actionpack (5.2.1) lib/action_dispatch/middleware/cookies.rb:670:in `call'
activerecord (5.2.1) lib/active_record/migration.rb:559:in `call'
actionpack (5.2.1) lib/action_dispatch/middleware/callbacks.rb:28:in `block in call'
activesupport (5.2.1) lib/active_support/callbacks.rb:98:in `run_callbacks'
actionpack (5.2.1) lib/action_dispatch/middleware/callbacks.rb:26:in `call'
actionpack (5.2.1) lib/action_dispatch/middleware/executor.rb:14:in `call'
actionpack (5.2.1) lib/action_dispatch/middleware/debug_exceptions.rb:61:in `call'
web-console (3.7.0) lib/web_console/middleware.rb:135:in `call_app'
web-console (3.7.0) lib/web_console/middleware.rb:30:in `block in call'
web-console (3.7.0) lib/web_console/middleware.rb:20:in `catch'
web-console (3.7.0) lib/web_console/middleware.rb:20:in `call'
actionpack (5.2.1) lib/action_dispatch/middleware/show_exceptions.rb:33:in `call'
railties (5.2.1) lib/rails/rack/logger.rb:38:in `call_app'
railties (5.2.1) lib/rails/rack/logger.rb:26:in `block in call'
activesupport (5.2.1) lib/active_support/tagged_logging.rb:71:in `block in tagged'
activesupport (5.2.1) lib/active_support/tagged_logging.rb:28:in `tagged'
activesupport (5.2.1) lib/active_support/tagged_logging.rb:71:in `tagged'
railties (5.2.1) lib/rails/rack/logger.rb:26:in `call'
sprockets-rails (3.2.1) lib/sprockets/rails/quiet_assets.rb:13:in `call'
actionpack (5.2.1) lib/action_dispatch/middleware/remote_ip.rb:81:in `call'
actionpack (5.2.1) lib/action_dispatch/middleware/request_id.rb:27:in `call'
rack (2.0.5) lib/rack/method_override.rb:22:in `call'
rack (2.0.5) lib/rack/runtime.rb:22:in `call'
activesupport (5.2.1) lib/active_support/cache/strategy/local_cache_middleware.rb:29:in `call'
actionpack (5.2.1) lib/action_dispatch/middleware/executor.rb:14:in `call'
actionpack (5.2.1) lib/action_dispatch/middleware/static.rb:127:in `call'
rack (2.0.5) lib/rack/sendfile.rb:111:in `call'
railties (5.2.1) lib/rails/engine.rb:524:in `call'
puma (3.12.0) lib/puma/configuration.rb:225:in `call'
puma (3.12.0) lib/puma/server.rb:658:in `handle_request'
puma (3.12.0) lib/puma/server.rb:472:in `process_client'
puma (3.12.0) lib/puma/server.rb:332:in `block in run'
puma (3.12.0) lib/puma/thread_pool.rb:133:in `block in spawn_thread'
Started GET "/cupcakes" for 127.0.0.1 at 2018-10-15 16:25:37 +0100
Processing by CupcakesController#index as HTML
  Rendering cupcakes/index.html.erb within layouts/application
  Rendered cupcakes/index.html.erb within layouts/application (0.5ms)
Completed 200 OK in 265ms (Views: 258.1ms | ActiveRecord: 0.0ms)


Started GET "/cupcakes" for 127.0.0.1 at 2018-10-15 16:26:42 +0100
Processing by CupcakesController#index as HTML
  Rendering cupcakes/index.html.erb within layouts/application
  [1m[36mCupcake Load (0.2ms)[0m  [1m[34mSELECT  "cupcakes".* FROM "cupcakes" LIMIT ?[0m  [["LIMIT", 11]]
  ↳ /Users/dkaczmarczyk/.rvm/gems/ruby-2.3.3@global/gems/did_you_mean-1.0.0/lib/did_you_mean/core_ext/name_error.rb:10
  [1m[36mCACHE Cupcake Load (0.0ms)[0m  [1m[34mSELECT  "cupcakes".* FROM "cupcakes" LIMIT ?[0m  [["LIMIT", 11]]
  ↳ /Users/dkaczmarczyk/.rvm/gems/ruby-2.3.3@global/gems/did_you_mean-1.0.0/lib/did_you_mean/core_ext/name_error.rb:10
  [1m[36mCACHE Cupcake Load (0.0ms)[0m  [1m[34mSELECT  "cupcakes".* FROM "cupcakes" LIMIT ?[0m  [["LIMIT", 11]]
  ↳ /Users/dkaczmarczyk/.rvm/gems/ruby-2.3.3@global/gems/did_you_mean-1.0.0/lib/did_you_mean/core_ext/name_error.rb:10
  [1m[36mCACHE Cupcake Load (0.0ms)[0m  [1m[34mSELECT  "cupcakes".* FROM "cupcakes" LIMIT ?[0m  [["LIMIT", 11]]
  ↳ /Users/dkaczmarczyk/.rvm/gems/ruby-2.3.3@global/gems/did_you_mean-1.0.0/lib/did_you_mean/core_ext/name_error.rb:10
  [1m[36mCACHE Cupcake Load (0.0ms)[0m  [1m[34mSELECT  "cupcakes".* FROM "cupcakes" LIMIT ?[0m  [["LIMIT", 11]]
  ↳ /Users/dkaczmarczyk/.rvm/gems/ruby-2.3.3@global/gems/did_you_mean-1.0.0/lib/did_you_mean/core_ext/name_error.rb:6
  [1m[36mCACHE Cupcake Load (0.0ms)[0m  [1m[34mSELECT  "cupcakes".* FROM "cupcakes" LIMIT ?[0m  [["LIMIT", 11]]
  ↳ /Users/dkaczmarczyk/.rvm/gems/ruby-2.3.3@global/gems/did_you_mean-1.0.0/lib/did_you_mean/core_ext/name_error.rb:6
  [1m[36mCACHE Cupcake Load (0.0ms)[0m  [1m[34mSELECT  "cupcakes".* FROM "cupcakes" LIMIT ?[0m  [["LIMIT", 11]]
  ↳ /Users/dkaczmarczyk/.rvm/gems/ruby-2.3.3@global/gems/did_you_mean-1.0.0/lib/did_you_mean/core_ext/name_error.rb:6
  [1m[36mCACHE Cupcake Load (0.0ms)[0m  [1m[34mSELECT  "cupcakes".* FROM "cupcakes" LIMIT ?[0m  [["LIMIT", 11]]
  ↳ /Users/dkaczmarczyk/.rvm/gems/ruby-2.3.3@global/gems/did_you_mean-1.0.0/lib/did_you_mean/core_ext/name_error.rb:6
  Rendered cupcakes/index.html.erb within layouts/application (234.5ms)
Completed 500 Internal Server Error in 245ms (ActiveRecord: 0.7ms)


  
ActionView::Template::Error (undefined local variable or method `new_cupcake' for #<#<Class:0x007ff8c0044c58>:0x007ff8bd6ddf18>
Did you mean?  new_cupcake_url):
    1: <h1>Get your cupcakes here!</h1>
    2: 
    3: <%= link_to "Add Cupcake", new_cupcake %>
  
app/views/cupcakes/index.html.erb:3:in `_app_views_cupcakes_index_html_erb__3183992010832270380_70353153356920'
Started GET "/cupcakes" for 127.0.0.1 at 2018-10-15 16:26:55 +0100
Processing by CupcakesController#index as HTML
  Rendering cupcakes/index.html.erb within layouts/application
  Rendered cupcakes/index.html.erb within layouts/application (0.6ms)
Completed 200 OK in 27ms (Views: 23.1ms | ActiveRecord: 0.0ms)


Started GET "/cupcakes" for 127.0.0.1 at 2018-10-15 16:27:08 +0100
Processing by CupcakesController#index as HTML
  Rendering cupcakes/index.html.erb within layouts/application
  Rendered cupcakes/index.html.erb within layouts/application (0.6ms)
Completed 200 OK in 35ms (Views: 30.5ms | ActiveRecord: 0.0ms)


Started GET "/cupcakes" for 127.0.0.1 at 2018-10-15 16:27:16 +0100
Processing by CupcakesController#index as HTML
  Rendering cupcakes/index.html.erb within layouts/application
  Rendered cupcakes/index.html.erb within layouts/application (0.4ms)
Completed 200 OK in 35ms (Views: 30.4ms | ActiveRecord: 0.0ms)


  [1m[35m (0.1ms)[0m  [1m[36mbegin transaction[0m
  [1m[36mCupcake Create (0.7ms)[0m  [1m[32mINSERT INTO "cupcakes" ("name", "price", "created_at", "updated_at") VALUES (?, ?, ?, ?)[0m  [["name", "Blueberry"], ["price", 38], ["created_at", "2018-10-15 15:27:53.016648"], ["updated_at", "2018-10-15 15:27:53.016648"]]
  [1m[35m (2.2ms)[0m  [1m[36mcommit transaction[0m
  [1m[35m (0.1ms)[0m  [1m[36mbegin transaction[0m
  [1m[36mCupcake Create (0.9ms)[0m  [1m[32mINSERT INTO "cupcakes" ("name", "price", "created_at", "updated_at") VALUES (?, ?, ?, ?)[0m  [["name", "Red Velvet"], ["price", 138], ["created_at", "2018-10-15 15:27:59.145491"], ["updated_at", "2018-10-15 15:27:59.145491"]]
  [1m[35m (2.7ms)[0m  [1m[36mcommit transaction[0m
  [1m[35m (0.1ms)[0m  [1m[36mbegin transaction[0m
  [1m[36mCupcake Create (0.8ms)[0m  [1m[32mINSERT INTO "cupcakes" ("name", "price", "created_at", "updated_at") VALUES (?, ?, ?, ?)[0m  [["name", "Dusty Potato"], ["price", 1], ["created_at", "2018-10-15 15:28:11.930505"], ["updated_at", "2018-10-15 15:28:11.930505"]]
  [1m[35m (2.4ms)[0m  [1m[36mcommit transaction[0m
  [1m[35m (0.2ms)[0m  [1m[36mbegin transaction[0m
  [1m[36mCupcake Create (0.9ms)[0m  [1m[32mINSERT INTO "cupcakes" ("name", "price", "created_at", "updated_at") VALUES (?, ?, ?, ?)[0m  [["name", "Potato"], ["price", 10], ["created_at", "2018-10-15 15:28:21.445025"], ["updated_at", "2018-10-15 15:28:21.445025"]]
  [1m[35m (2.8ms)[0m  [1m[36mcommit transaction[0m
  [1m[35m (0.1ms)[0m  [1m[36mbegin transaction[0m
  [1m[36mCupcake Create (0.7ms)[0m  [1m[32mINSERT INTO "cupcakes" ("name", "price", "created_at", "updated_at") VALUES (?, ?, ?, ?)[0m  [["name", "Toenails"], ["price", 47], ["created_at", "2018-10-15 15:28:34.211964"], ["updated_at", "2018-10-15 15:28:34.211964"]]
  [1m[35m (2.8ms)[0m  [1m[36mcommit transaction[0m
Started GET "/cupcakes" for 127.0.0.1 at 2018-10-15 16:30:33 +0100
Processing by CupcakesController#index as HTML
  Rendering cupcakes/index.html.erb within layouts/application
  [1m[36mCupcake Load (0.2ms)[0m  [1m[34mSELECT "cupcakes".* FROM "cupcakes"[0m
  ↳ app/views/cupcakes/index.html.erb:6
  Rendered cupcakes/index.html.erb within layouts/application (25.8ms)
Completed 200 OK in 52ms (Views: 48.7ms | ActiveRecord: 0.5ms)


  [1m[36mCupcake Load (0.2ms)[0m  [1m[34mSELECT  "cupcakes".* FROM "cupcakes" WHERE "cupcakes"."id" = ? LIMIT ?[0m  [["id", 3], ["LIMIT", 1]]
Started GET "/cupcakes" for 127.0.0.1 at 2018-10-15 16:33:44 +0100
Processing by CupcakesController#index as HTML
  Rendering cupcakes/index.html.erb within layouts/application
  [1m[36mCupcake Load (0.2ms)[0m  [1m[34mSELECT "cupcakes".* FROM "cupcakes"[0m
  ↳ app/views/cupcakes/index.html.erb:6
  Rendered cupcakes/index.html.erb within layouts/application (7.7ms)
Completed 200 OK in 36ms (Views: 31.1ms | ActiveRecord: 0.6ms)


Started GET "/cupcakes/1" for 127.0.0.1 at 2018-10-15 16:33:45 +0100
Processing by CupcakesController#show as HTML
  Parameters: {"id"=>"1"}
  [1m[36mCupcake Load (0.2ms)[0m  [1m[34mSELECT  "cupcakes".* FROM "cupcakes" WHERE "cupcakes"."id" = ? LIMIT ?[0m  [["id", 1], ["LIMIT", 1]]
  ↳ app/controllers/cupcakes_controller.rb:8
  Rendering cupcakes/show.html.erb within layouts/application
  Rendered cupcakes/show.html.erb within layouts/application (0.7ms)
Completed 200 OK in 44ms (Views: 33.8ms | ActiveRecord: 0.2ms)


Started GET "/cupcakes" for 127.0.0.1 at 2018-10-15 16:33:47 +0100
Processing by CupcakesController#index as HTML
  Rendering cupcakes/index.html.erb within layouts/application
  [1m[36mCupcake Load (0.2ms)[0m  [1m[34mSELECT "cupcakes".* FROM "cupcakes"[0m
  ↳ app/views/cupcakes/index.html.erb:6
  Rendered cupcakes/index.html.erb within layouts/application (12.9ms)
Completed 200 OK in 83ms (Views: 76.2ms | ActiveRecord: 0.2ms)


Started GET "/cupcakes/1" for 127.0.0.1 at 2018-10-15 16:33:47 +0100
Processing by CupcakesController#show as HTML
  Parameters: {"id"=>"1"}
  [1m[36mCupcake Load (0.2ms)[0m  [1m[34mSELECT  "cupcakes".* FROM "cupcakes" WHERE "cupcakes"."id" = ? LIMIT ?[0m  [["id", 1], ["LIMIT", 1]]
  ↳ app/controllers/cupcakes_controller.rb:8
  Rendering cupcakes/show.html.erb within layouts/application
  Rendered cupcakes/show.html.erb within layouts/application (0.5ms)
Completed 200 OK in 63ms (Views: 56.8ms | ActiveRecord: 0.2ms)


Started GET "/cupcakes" for 127.0.0.1 at 2018-10-15 16:33:48 +0100
Processing by CupcakesController#index as HTML
  Rendering cupcakes/index.html.erb within layouts/application
  [1m[36mCupcake Load (0.7ms)[0m  [1m[34mSELECT "cupcakes".* FROM "cupcakes"[0m
  ↳ app/views/cupcakes/index.html.erb:6
  Rendered cupcakes/index.html.erb within layouts/application (4.0ms)
Completed 200 OK in 51ms (Views: 43.8ms | ActiveRecord: 0.7ms)


Started GET "/cupcakes/1" for 127.0.0.1 at 2018-10-15 16:33:48 +0100
Processing by CupcakesController#show as HTML
  Parameters: {"id"=>"1"}
  [1m[36mCupcake Load (0.2ms)[0m  [1m[34mSELECT  "cupcakes".* FROM "cupcakes" WHERE "cupcakes"."id" = ? LIMIT ?[0m  [["id", 1], ["LIMIT", 1]]
  ↳ app/controllers/cupcakes_controller.rb:8
  Rendering cupcakes/show.html.erb within layouts/application
  Rendered cupcakes/show.html.erb within layouts/application (1.6ms)
Completed 200 OK in 52ms (Views: 42.8ms | ActiveRecord: 0.2ms)


Started GET "/cupcakes" for 127.0.0.1 at 2018-10-15 16:33:49 +0100
Processing by CupcakesController#index as HTML
  Rendering cupcakes/index.html.erb within layouts/application
  [1m[36mCupcake Load (0.3ms)[0m  [1m[34mSELECT "cupcakes".* FROM "cupcakes"[0m
  ↳ app/views/cupcakes/index.html.erb:6
  Rendered cupcakes/index.html.erb within layouts/application (3.9ms)
Completed 200 OK in 52ms (Views: 45.8ms | ActiveRecord: 0.3ms)


Started GET "/cupcakes/1" for 127.0.0.1 at 2018-10-15 16:33:49 +0100
Processing by CupcakesController#show as HTML
  Parameters: {"id"=>"1"}
  [1m[36mCupcake Load (1.0ms)[0m  [1m[34mSELECT  "cupcakes".* FROM "cupcakes" WHERE "cupcakes"."id" = ? LIMIT ?[0m  [["id", 1], ["LIMIT", 1]]
  ↳ app/controllers/cupcakes_controller.rb:8
  Rendering cupcakes/show.html.erb within layouts/application
  Rendered cupcakes/show.html.erb within layouts/application (0.9ms)
Completed 200 OK in 51ms (Views: 44.3ms | ActiveRecord: 1.0ms)


Started GET "/cupcakes/1" for 127.0.0.1 at 2018-10-15 16:34:28 +0100
Processing by CupcakesController#show as HTML
  Parameters: {"id"=>"1"}
  [1m[36mCupcake Load (0.2ms)[0m  [1m[34mSELECT  "cupcakes".* FROM "cupcakes" WHERE "cupcakes"."id" = ? LIMIT ?[0m  [["id", 1], ["LIMIT", 1]]
  ↳ app/controllers/cupcakes_controller.rb:8
  Rendering cupcakes/show.html.erb within layouts/application
  Rendered cupcakes/show.html.erb within layouts/application (0.6ms)
Completed 200 OK in 49ms (Views: 25.0ms | ActiveRecord: 0.8ms)


Started GET "/cupcakes/new" for 127.0.0.1 at 2018-10-15 16:45:02 +0100
Processing by CupcakesController#new as HTML
  Rendering cupcakes/new.html.erb within layouts/application
  Rendered cupcakes/_form.html.erb (15.1ms)
  Rendered cupcakes/new.html.erb within layouts/application (19.2ms)
Completed 200 OK in 50ms (Views: 39.3ms | ActiveRecord: 0.5ms)


Started GET "/cupcakes/3/edit" for 127.0.0.1 at 2018-10-15 16:46:46 +0100
Processing by CupcakesController#edit as HTML
  Parameters: {"id"=>"3"}
  [1m[36mCupcake Load (0.3ms)[0m  [1m[34mSELECT  "cupcakes".* FROM "cupcakes" WHERE "cupcakes"."id" = ? LIMIT ?[0m  [["id", 3], ["LIMIT", 1]]
  ↳ app/controllers/cupcakes_controller.rb:30
  Rendering cupcakes/edit.html.erb within layouts/application
  Rendered cupcakes/_form.html.erb (2.9ms)
  Rendered cupcakes/edit.html.erb within layouts/application (6.2ms)
Completed 200 OK in 37ms (Views: 31.0ms | ActiveRecord: 0.3ms)


Started GET "/cupcakes/new" for 127.0.0.1 at 2018-10-15 16:48:47 +0100
Processing by CupcakesController#new as HTML
  Rendering cupcakes/new.html.erb within layouts/application
  Rendered cupcakes/_form.html.erb (2.6ms)
  Rendered cupcakes/new.html.erb within layouts/application (5.7ms)
Completed 200 OK in 33ms (Views: 27.7ms | ActiveRecord: 0.0ms)


Started GET "/cupcakes/3/edit" for 127.0.0.1 at 2018-10-15 16:50:41 +0100
Processing by CupcakesController#edit as HTML
  Parameters: {"id"=>"3"}
  [1m[36mCupcake Load (0.2ms)[0m  [1m[34mSELECT  "cupcakes".* FROM "cupcakes" WHERE "cupcakes"."id" = ? LIMIT ?[0m  [["id", 3], ["LIMIT", 1]]
  ↳ app/controllers/cupcakes_controller.rb:30
  Rendering cupcakes/edit.html.erb within layouts/application
  Rendered cupcakes/edit.html.erb within layouts/application (0.6ms)
Completed 500 Internal Server Error in 14ms (ActiveRecord: 0.2ms)


  
SyntaxError (/Users/dkaczmarczyk/Desktop/student_code/hashholes/17-rails-forms/cupcakeshop/app/views/cupcakes/edit.html.erb:11: syntax error, unexpected keyword_ensure, expecting end-of-input):
  
app/views/cupcakes/edit.html.erb:11: syntax error, unexpected keyword_ensure, expecting end-of-input
Started GET "/cupcakes/3/edit" for 127.0.0.1 at 2018-10-15 16:50:50 +0100
Processing by CupcakesController#edit as HTML
  Parameters: {"id"=>"3"}
  [1m[36mCupcake Load (0.1ms)[0m  [1m[34mSELECT  "cupcakes".* FROM "cupcakes" WHERE "cupcakes"."id" = ? LIMIT ?[0m  [["id", 3], ["LIMIT", 1]]
  ↳ app/controllers/cupcakes_controller.rb:30
  Rendering cupcakes/edit.html.erb within layouts/application
  Rendered cupcakes/_form.html.erb (2.0ms)
  Rendered cupcakes/edit.html.erb within layouts/application (6.5ms)
Completed 200 OK in 30ms (Views: 26.3ms | ActiveRecord: 0.1ms)


Started GET "/cupcakes/3/edit" for 127.0.0.1 at 2018-10-15 16:51:57 +0100
Processing by CupcakesController#edit as HTML
  Parameters: {"id"=>"3"}
  [1m[36mCupcake Load (0.1ms)[0m  [1m[34mSELECT  "cupcakes".* FROM "cupcakes" WHERE "cupcakes"."id" = ? LIMIT ?[0m  [["id", 3], ["LIMIT", 1]]
  ↳ app/controllers/cupcakes_controller.rb:30
  Rendering cupcakes/edit.html.erb within layouts/application
  Rendered cupcakes/_form.html.erb (2.1ms)
  Rendered cupcakes/edit.html.erb within layouts/application (5.5ms)
Completed 200 OK in 33ms (Views: 27.4ms | ActiveRecord: 0.1ms)


Started GET "/cupcakes/3/edit" for 127.0.0.1 at 2018-10-15 16:56:54 +0100
Processing by CupcakesController#edit as HTML
  Parameters: {"id"=>"3"}
  [1m[36mCupcake Load (0.1ms)[0m  [1m[34mSELECT  "cupcakes".* FROM "cupcakes" WHERE "cupcakes"."id" = ? LIMIT ?[0m  [["id", 3], ["LIMIT", 1]]
  ↳ app/controllers/cupcakes_controller.rb:50
  Rendering cupcakes/edit.html.erb within layouts/application
  Rendered cupcakes/_form.html.erb (1.9ms)
  Rendered cupcakes/edit.html.erb within layouts/application (5.1ms)
Completed 200 OK in 37ms (Views: 25.6ms | ActiveRecord: 1.0ms)


Started GET "/cupcakes/3" for 127.0.0.1 at 2018-10-15 16:59:12 +0100
Processing by CupcakesController#show as HTML
  Parameters: {"id"=>"3"}
  [1m[36mCupcake Load (0.1ms)[0m  [1m[34mSELECT  "cupcakes".* FROM "cupcakes" WHERE "cupcakes"."id" = ? LIMIT ?[0m  [["id", 3], ["LIMIT", 1]]
  ↳ app/controllers/cupcakes_controller.rb:51
  Rendering cupcakes/show.html.erb within layouts/application
  Rendered cupcakes/show.html.erb within layouts/application (0.6ms)
Completed 200 OK in 43113ms (Views: 24.4ms | ActiveRecord: 0.7ms)


Started GET "/cupcakes/2" for 127.0.0.1 at 2018-10-15 16:59:58 +0100
Processing by CupcakesController#show as HTML
  Parameters: {"id"=>"2"}
  [1m[36mCupcake Load (0.4ms)[0m  [1m[34mSELECT  "cupcakes".* FROM "cupcakes" WHERE "cupcakes"."id" = ? LIMIT ?[0m  [["id", 2], ["LIMIT", 1]]
  ↳ app/controllers/cupcakes_controller.rb:51
Started GET "/cupcakes/12" for 127.0.0.1 at 2018-10-15 17:00:11 +0100
Processing by CupcakesController#show as HTML
  Parameters: {"id"=>"12"}
  [1m[36mCupcake Load (1.3ms)[0m  [1m[34mSELECT  "cupcakes".* FROM "cupcakes" WHERE "cupcakes"."id" = ? LIMIT ?[0m  [["id", 12], ["LIMIT", 1]]
  ↳ app/controllers/cupcakes_controller.rb:51
Completed 404 Not Found in 9ms (ActiveRecord: 1.3ms)


  Rendering cupcakes/show.html.erb within layouts/application
  
  Rendered cupcakes/show.html.erb within layouts/application (0.6ms)
ActiveRecord::RecordNotFound (Couldn't find Cupcake with 'id'=12):
  
app/controllers/cupcakes_controller.rb:51:in `set_cupcake'
Completed 200 OK in 13450ms (Views: 64.8ms | ActiveRecord: 0.4ms)


Started GET "/cupcakes/4" for 127.0.0.1 at 2018-10-15 17:00:15 +0100
Processing by CupcakesController#show as HTML
  Parameters: {"id"=>"4"}
  [1m[36mCupcake Load (0.2ms)[0m  [1m[34mSELECT  "cupcakes".* FROM "cupcakes" WHERE "cupcakes"."id" = ? LIMIT ?[0m  [["id", 4], ["LIMIT", 1]]
  ↳ app/controllers/cupcakes_controller.rb:51
Completed 500 Internal Server Error in 10249ms (ActiveRecord: 0.2ms)


  
SystemExit (exit):
  
(byebug):1:in `exit'
(byebug):1:in `show'
app/controllers/cupcakes_controller.rb:10:in `show'
Started GET "/cupcakes/new" for 127.0.0.1 at 2018-10-15 17:00:50 +0100
  [1m[35m (0.2ms)[0m  [1m[34mSELECT "schema_migrations"."version" FROM "schema_migrations" ORDER BY "schema_migrations"."version" ASC[0m
  ↳ /Users/dkaczmarczyk/.rvm/gems/ruby-2.3.3/gems/activerecord-5.2.1/lib/active_record/log_subscriber.rb:98
Processing by CupcakesController#new as HTML
  Rendering cupcakes/new.html.erb within layouts/application
  Rendered cupcakes/_form.html.erb (9.3ms)
  Rendered cupcakes/new.html.erb within layouts/application (13.2ms)
Completed 200 OK in 266ms (Views: 246.0ms | ActiveRecord: 0.6ms)


Started POST "/cupcakes" for 127.0.0.1 at 2018-10-15 17:01:09 +0100
Processing by CupcakesController#create as HTML
  Parameters: {"utf8"=>"✓", "authenticity_token"=>"H8Il9WnqG+nmnjt+PBtGkkRkrZOhZfK8T4gMxyYi8xSb66Zx7O6PnPLBV88AhHXuZuYxw+jUgUVRosLaIb3N+A==", "cupcake"=>{"name"=>"Bamboozled", "price"=>"1"}, "commit"=>"Create Cupcake"}
  [1m[35m (0.0ms)[0m  [1m[36mbegin transaction[0m
  ↳ app/controllers/cupcakes_controller.rb:16
  [1m[36mCupcake Create (0.5ms)[0m  [1m[32mINSERT INTO "cupcakes" ("name", "price", "created_at", "updated_at") VALUES (?, ?, ?, ?)[0m  [["name", "Bamboozled"], ["price", 1], ["created_at", "2018-10-15 16:01:09.052898"], ["updated_at", "2018-10-15 16:01:09.052898"]]
  ↳ app/controllers/cupcakes_controller.rb:16
  [1m[35m (1.3ms)[0m  [1m[36mcommit transaction[0m
  ↳ app/controllers/cupcakes_controller.rb:16
Redirected to http://localhost:3000/cupcakes/6
Completed 302 Found in 6ms (ActiveRecord: 1.8ms)


Started GET "/cupcakes/6" for 127.0.0.1 at 2018-10-15 17:01:09 +0100
Processing by CupcakesController#show as HTML
  Parameters: {"id"=>"6"}
  [1m[36mCupcake Load (0.4ms)[0m  [1m[34mSELECT  "cupcakes".* FROM "cupcakes" WHERE "cupcakes"."id" = ? LIMIT ?[0m  [["id", 6], ["LIMIT", 1]]
  ↳ app/controllers/cupcakes_controller.rb:50
  Rendering cupcakes/show.html.erb within layouts/application
  Rendered cupcakes/show.html.erb within layouts/application (0.7ms)
Completed 200 OK in 34ms (Views: 24.7ms | ActiveRecord: 0.4ms)


Started GET "/cupcakes/" for 127.0.0.1 at 2018-10-15 17:01:29 +0100
Processing by CupcakesController#index as HTML
  Rendering cupcakes/index.html.erb within layouts/application
  [1m[36mCupcake Load (0.3ms)[0m  [1m[34mSELECT "cupcakes".* FROM "cupcakes"[0m
  ↳ app/views/cupcakes/index.html.erb:6
  Rendered cupcakes/index.html.erb within layouts/application (10.6ms)
Completed 200 OK in 42ms (Views: 35.3ms | ActiveRecord: 1.6ms)


Started GET "/cupcakes/new" for 127.0.0.1 at 2018-10-15 17:01:46 +0100
Processing by CupcakesController#new as HTML
  Rendering cupcakes/new.html.erb within layouts/application
  Rendered cupcakes/_form.html.erb (3.1ms)
  Rendered cupcakes/new.html.erb within layouts/application (10.1ms)
Completed 200 OK in 44ms (Views: 38.5ms | ActiveRecord: 0.0ms)


Started POST "/cupcakes" for 127.0.0.1 at 2018-10-15 17:01:50 +0100
Processing by CupcakesController#create as HTML
  Parameters: {"utf8"=>"✓", "authenticity_token"=>"aNYwvF9z4FM9FX4Pm4MVqlp2PwCv5ZKZe1aopP42lT5yJt9ENPK7+chJNuSFmbywdGkRny5daAW9ldvHyOQXcw==", "cupcake"=>{"name"=>"Potato", "price"=>"3"}, "commit"=>"Create Cupcake"}
  [1m[35m (0.1ms)[0m  [1m[36mbegin transaction[0m
  ↳ app/controllers/cupcakes_controller.rb:16
  [1m[36mCupcake Create (0.5ms)[0m  [1m[32mINSERT INTO "cupcakes" ("name", "price", "created_at", "updated_at") VALUES (?, ?, ?, ?)[0m  [["name", "Potato"], ["price", 3], ["created_at", "2018-10-15 16:01:50.058139"], ["updated_at", "2018-10-15 16:01:50.058139"]]
  ↳ app/controllers/cupcakes_controller.rb:16
  [1m[35m (1.1ms)[0m  [1m[36mcommit transaction[0m
  ↳ app/controllers/cupcakes_controller.rb:16
Redirected to http://localhost:3000/cupcakes/7
Completed 302 Found in 5ms (ActiveRecord: 1.6ms)


Started GET "/cupcakes/7" for 127.0.0.1 at 2018-10-15 17:01:50 +0100
Processing by CupcakesController#show as HTML
  Parameters: {"id"=>"7"}
  [1m[36mCupcake Load (0.2ms)[0m  [1m[34mSELECT  "cupcakes".* FROM "cupcakes" WHERE "cupcakes"."id" = ? LIMIT ?[0m  [["id", 7], ["LIMIT", 1]]
  ↳ app/controllers/cupcakes_controller.rb:50
  Rendering cupcakes/show.html.erb within layouts/application
  Rendered cupcakes/show.html.erb within layouts/application (0.6ms)
Completed 200 OK in 27ms (Views: 22.0ms | ActiveRecord: 0.2ms)


Started GET "/cupcakes" for 127.0.0.1 at 2018-10-15 17:01:51 +0100
Processing by CupcakesController#index as HTML
  Rendering cupcakes/index.html.erb within layouts/application
  [1m[36mCupcake Load (0.6ms)[0m  [1m[34mSELECT "cupcakes".* FROM "cupcakes"[0m
  ↳ app/views/cupcakes/index.html.erb:6
  Rendered cupcakes/index.html.erb within layouts/application (5.9ms)
Completed 200 OK in 43ms (Views: 38.1ms | ActiveRecord: 0.6ms)


Started GET "/cupcakes" for 127.0.0.1 at 2018-10-15 17:04:18 +0100
Processing by CupcakesController#index as HTML
  Rendering cupcakes/index.html.erb within layouts/application
  [1m[36mCupcake Load (0.2ms)[0m  [1m[34mSELECT "cupcakes".* FROM "cupcakes"[0m
  ↳ app/views/cupcakes/index.html.erb:6
  Rendered cupcakes/index.html.erb within layouts/application (7.5ms)
Completed 200 OK in 36ms (Views: 29.1ms | ActiveRecord: 0.7ms)


Started GET "/cupcakes/new" for 127.0.0.1 at 2018-10-15 17:04:22 +0100
Processing by CupcakesController#new as HTML
  Rendering cupcakes/new.html.erb within layouts/application
  Rendered cupcakes/_form.html.erb (3.4ms)
  Rendered cupcakes/new.html.erb within layouts/application (8.6ms)
Completed 200 OK in 67ms (Views: 37.7ms | ActiveRecord: 2.4ms)


Started POST "/cupcakes" for 127.0.0.1 at 2018-10-15 17:04:27 +0100
Processing by CupcakesController#create as HTML
  Parameters: {"utf8"=>"✓", "authenticity_token"=>"aIgfVLSO2CTWsx2+ezMoN6zoevka83Ec+4BEbEehcCFyePCs3w+DjiPvVVVlKYEtgvdUZptLi4A9QzcPcXPybA==", "cupcake"=>{"name"=>"", "price"=>"-5"}, "commit"=>"Create Cupcake"}
  [1m[35m (0.1ms)[0m  [1m[36mbegin transaction[0m
  ↳ app/controllers/cupcakes_controller.rb:16
  [1m[36mCupcake Exists (0.2ms)[0m  [1m[34mSELECT  1 AS one FROM "cupcakes" WHERE "cupcakes"."name" = ? LIMIT ?[0m  [["name", ""], ["LIMIT", 1]]
  ↳ app/controllers/cupcakes_controller.rb:16
  [1m[35m (0.1ms)[0m  [1m[31mrollback transaction[0m
  ↳ app/controllers/cupcakes_controller.rb:16
  [1m[36mCupcake Exists (0.2ms)[0m  [1m[34mSELECT  1 AS one FROM "cupcakes" WHERE "cupcakes"."name" = ? LIMIT ?[0m  [["name", ""], ["LIMIT", 1]]
  ↳ app/controllers/cupcakes_controller.rb:17
  [1m[36mCACHE Cupcake Exists (0.0ms)[0m  [1m[34mSELECT  1 AS one FROM "cupcakes" WHERE "cupcakes"."name" = ? LIMIT ?[0m  [["name", ""], ["LIMIT", 1]]
  ↳ (byebug):1
Redirected to http://localhost:3000/cupcakes/new
Completed 302 Found in 165152ms (ActiveRecord: 0.6ms)


Started GET "/cupcakes/new" for 127.0.0.1 at 2018-10-15 17:07:12 +0100
Processing by CupcakesController#new as HTML
  Rendering cupcakes/new.html.erb within layouts/application
  Rendered cupcakes/_form.html.erb (3.2ms)
  Rendered cupcakes/new.html.erb within layouts/application (6.3ms)
Completed 200 OK in 34ms (Views: 30.5ms | ActiveRecord: 0.0ms)


Started GET "/cupcakes/new" for 127.0.0.1 at 2018-10-15 17:07:29 +0100
Processing by CupcakesController#new as HTML
  Rendering cupcakes/new.html.erb within layouts/application
  Rendered cupcakes/_form.html.erb (3.6ms)
  Rendered cupcakes/new.html.erb within layouts/application (9.1ms)
Completed 200 OK in 53ms (Views: 30.3ms | ActiveRecord: 1.3ms)


Started POST "/cupcakes" for 127.0.0.1 at 2018-10-15 17:08:18 +0100
Processing by CupcakesController#create as HTML
  Parameters: {"utf8"=>"✓", "authenticity_token"=>"LIyvdmfbLlZGGJZYxKJ+U36IZTeHc99B2Sq0w6HS056opSzy4t+6I1JH+un4PU0vXAr5Z87CrLjHAHrepk3tcg==", "cupcake"=>{"name"=>"Potato", "price"=>"3"}, "commit"=>"Create Cupcake"}
  [1m[35m (0.1ms)[0m  [1m[36mbegin transaction[0m
  ↳ app/controllers/cupcakes_controller.rb:16
  [1m[36mCupcake Exists (0.2ms)[0m  [1m[34mSELECT  1 AS one FROM "cupcakes" WHERE "cupcakes"."name" = ? LIMIT ?[0m  [["name", "Potato"], ["LIMIT", 1]]
  ↳ app/controllers/cupcakes_controller.rb:16
  [1m[35m (0.1ms)[0m  [1m[31mrollback transaction[0m
  ↳ app/controllers/cupcakes_controller.rb:16
  [1m[36mCupcake Exists (0.2ms)[0m  [1m[34mSELECT  1 AS one FROM "cupcakes" WHERE "cupcakes"."name" = ? LIMIT ?[0m  [["name", "Potato"], ["LIMIT", 1]]
  ↳ app/controllers/cupcakes_controller.rb:17
Redirected to http://localhost:3000/cupcakes/new
Completed 302 Found in 2450ms (ActiveRecord: 0.5ms)


Started GET "/cupcakes/new" for 127.0.0.1 at 2018-10-15 17:08:20 +0100
Processing by CupcakesController#new as HTML
  Rendering cupcakes/new.html.erb within layouts/application
  Rendered cupcakes/_form.html.erb (1.8ms)
  Rendered cupcakes/new.html.erb within layouts/application (6.0ms)
Completed 200 OK in 43ms (Views: 35.1ms | ActiveRecord: 0.0ms)


Started GET "/cupcakes/3/edit" for 127.0.0.1 at 2018-10-15 17:08:43 +0100
Processing by CupcakesController#edit as HTML
  Parameters: {"id"=>"3"}
  [1m[36mCupcake Load (0.4ms)[0m  [1m[34mSELECT  "cupcakes".* FROM "cupcakes" WHERE "cupcakes"."id" = ? LIMIT ?[0m  [["id", 3], ["LIMIT", 1]]
  ↳ app/controllers/cupcakes_controller.rb:51
  Rendering cupcakes/edit.html.erb within layouts/application
  Rendered cupcakes/_form.html.erb (3.2ms)
  Rendered cupcakes/edit.html.erb within layouts/application (7.7ms)
Completed 200 OK in 37ms (Views: 31.0ms | ActiveRecord: 0.4ms)


Started PATCH "/cupcakes/3" for 127.0.0.1 at 2018-10-15 17:08:59 +0100
Processing by CupcakesController#update as HTML
  Parameters: {"utf8"=>"✓", "authenticity_token"=>"CK88hJVAV1NNGHK0o+aN1Nb6cNx6hF1g0Zcp5QIVfjuMhr8AEETDJllHHgWfeb6o9HjsjDM1LpnPvef4BYpA1w==", "cupcake"=>{"name"=>"Potato", "price"=>""}, "commit"=>"Update Cupcake", "id"=>"3"}
  [1m[36mCupcake Load (0.1ms)[0m  [1m[34mSELECT  "cupcakes".* FROM "cupcakes" WHERE "cupcakes"."id" = ? LIMIT ?[0m  [["id", 3], ["LIMIT", 1]]
  ↳ app/controllers/cupcakes_controller.rb:51
  [1m[35m (0.1ms)[0m  [1m[36mbegin transaction[0m
  ↳ app/controllers/cupcakes_controller.rb:27
  [1m[36mCupcake Exists (0.2ms)[0m  [1m[34mSELECT  1 AS one FROM "cupcakes" WHERE "cupcakes"."name" = ? AND "cupcakes"."id" != ? LIMIT ?[0m  [["name", "Potato"], ["id", 3], ["LIMIT", 1]]
  ↳ app/controllers/cupcakes_controller.rb:27
  [1m[35m (0.1ms)[0m  [1m[31mrollback transaction[0m
  ↳ app/controllers/cupcakes_controller.rb:27
  [1m[36mCupcake Exists (0.2ms)[0m  [1m[34mSELECT  1 AS one FROM "cupcakes" WHERE "cupcakes"."name" = ? AND "cupcakes"."id" != ? LIMIT ?[0m  [["name", "Potato"], ["id", 3], ["LIMIT", 1]]
  ↳ app/controllers/cupcakes_controller.rb:28
Redirected to http://localhost:3000/cupcakes/3/edit
Completed 302 Found in 11ms (ActiveRecord: 0.6ms)


Started GET "/cupcakes/3/edit" for 127.0.0.1 at 2018-10-15 17:08:59 +0100
Processing by CupcakesController#edit as HTML
  Parameters: {"id"=>"3"}
  [1m[36mCupcake Load (0.2ms)[0m  [1m[34mSELECT  "cupcakes".* FROM "cupcakes" WHERE "cupcakes"."id" = ? LIMIT ?[0m  [["id", 3], ["LIMIT", 1]]
  ↳ app/controllers/cupcakes_controller.rb:51
  Rendering cupcakes/edit.html.erb within layouts/application
  Rendered cupcakes/_form.html.erb (1.9ms)
  Rendered cupcakes/edit.html.erb within layouts/application (6.4ms)
Completed 200 OK in 33ms (Views: 27.2ms | ActiveRecord: 0.2ms)


Started GET "/cupcakes/3/edit" for 127.0.0.1 at 2018-10-15 17:09:08 +0100
Processing by CupcakesController#edit as HTML
  Parameters: {"id"=>"3"}
  [1m[36mCupcake Load (0.2ms)[0m  [1m[34mSELECT  "cupcakes".* FROM "cupcakes" WHERE "cupcakes"."id" = ? LIMIT ?[0m  [["id", 3], ["LIMIT", 1]]
  ↳ app/controllers/cupcakes_controller.rb:51
  Rendering cupcakes/edit.html.erb within layouts/application
  Rendered cupcakes/_form.html.erb (3.5ms)
  Rendered cupcakes/edit.html.erb within layouts/application (7.4ms)
Completed 200 OK in 35ms (Views: 31.1ms | ActiveRecord: 0.2ms)


Started GET "/cupcakes/3" for 127.0.0.1 at 2018-10-15 17:09:16 +0100
Processing by CupcakesController#show as HTML
  Parameters: {"id"=>"3"}
  [1m[36mCupcake Load (0.2ms)[0m  [1m[34mSELECT  "cupcakes".* FROM "cupcakes" WHERE "cupcakes"."id" = ? LIMIT ?[0m  [["id", 3], ["LIMIT", 1]]
  ↳ app/controllers/cupcakes_controller.rb:51
  Rendering cupcakes/show.html.erb within layouts/application
  Rendered cupcakes/show.html.erb within layouts/application (0.8ms)
Completed 200 OK in 38ms (Views: 34.2ms | ActiveRecord: 0.2ms)


Started GET "/cupcakes" for 127.0.0.1 at 2018-10-15 17:09:17 +0100
Processing by CupcakesController#index as HTML
  Rendering cupcakes/index.html.erb within layouts/application
  [1m[36mCupcake Load (0.3ms)[0m  [1m[34mSELECT "cupcakes".* FROM "cupcakes"[0m
  ↳ app/views/cupcakes/index.html.erb:6
  Rendered cupcakes/index.html.erb within layouts/application (5.7ms)
Completed 200 OK in 48ms (Views: 41.0ms | ActiveRecord: 0.3ms)


Started GET "/cupcakes/4" for 127.0.0.1 at 2018-10-15 17:09:19 +0100
Processing by CupcakesController#show as HTML
  Parameters: {"id"=>"4"}
  [1m[36mCupcake Load (0.1ms)[0m  [1m[34mSELECT  "cupcakes".* FROM "cupcakes" WHERE "cupcakes"."id" = ? LIMIT ?[0m  [["id", 4], ["LIMIT", 1]]
  ↳ app/controllers/cupcakes_controller.rb:51
  Rendering cupcakes/show.html.erb within layouts/application
  Rendered cupcakes/show.html.erb within layouts/application (1.2ms)
Completed 200 OK in 45ms (Views: 39.7ms | ActiveRecord: 0.1ms)


Started GET "/cupcakes/4" for 127.0.0.1 at 2018-10-15 17:09:36 +0100
Processing by CupcakesController#show as HTML
  Parameters: {"id"=>"4"}
  [1m[36mCupcake Load (0.1ms)[0m  [1m[34mSELECT  "cupcakes".* FROM "cupcakes" WHERE "cupcakes"."id" = ? LIMIT ?[0m  [["id", 4], ["LIMIT", 1]]
  ↳ app/controllers/cupcakes_controller.rb:51
  Rendering cupcakes/show.html.erb within layouts/application
  Rendered cupcakes/show.html.erb within layouts/application (230.9ms)
Completed 500 Internal Server Error in 244ms (ActiveRecord: 0.1ms)


  
ActionView::Template::Error (undefined local variable or method `cupcake_edit_path' for #<#<Class:0x007fe311e9dfd0>:0x007fe310bf9ed8>
Did you mean?  cupcake_path
               cupcakes_path):
    1: <h1> <%= @cupcake.name %> </h1>
    2: <p>This costs £<%= @cupcake.price %> </p>
    3: 
    4: <%= link_to "edit me", cupcake_edit_path %>
    5: <%= link_to "All Cupcakes", cupcakes_path %>
  
app/views/cupcakes/show.html.erb:4:in `_app_views_cupcakes_show_html_erb___2318031725088677631_70306607673880'
Started GET "/cupcakes/4" for 127.0.0.1 at 2018-10-15 17:09:51 +0100
Processing by CupcakesController#show as HTML
  Parameters: {"id"=>"4"}
  [1m[36mCupcake Load (0.2ms)[0m  [1m[34mSELECT  "cupcakes".* FROM "cupcakes" WHERE "cupcakes"."id" = ? LIMIT ?[0m  [["id", 4], ["LIMIT", 1]]
  ↳ app/controllers/cupcakes_controller.rb:51
  Rendering cupcakes/show.html.erb within layouts/application
  Rendered cupcakes/show.html.erb within layouts/application (0.8ms)
Completed 200 OK in 32ms (Views: 27.4ms | ActiveRecord: 0.2ms)


Started GET "/cupcakes/4/edit" for 127.0.0.1 at 2018-10-15 17:09:59 +0100
Processing by CupcakesController#edit as HTML
  Parameters: {"id"=>"4"}
  [1m[36mCupcake Load (0.1ms)[0m  [1m[34mSELECT  "cupcakes".* FROM "cupcakes" WHERE "cupcakes"."id" = ? LIMIT ?[0m  [["id", 4], ["LIMIT", 1]]
  ↳ app/controllers/cupcakes_controller.rb:51
  Rendering cupcakes/edit.html.erb within layouts/application
  Rendered cupcakes/_form.html.erb (5.9ms)
  Rendered cupcakes/edit.html.erb within layouts/application (12.0ms)
Completed 200 OK in 53ms (Views: 46.4ms | ActiveRecord: 0.1ms)


Started DELETE "/cupcakes/4" for 127.0.0.1 at 2018-10-15 17:10:00 +0100
Processing by CupcakesController#destroy as HTML
  Parameters: {"utf8"=>"✓", "authenticity_token"=>"KK+qTjgaPmyevIjpQqx52OGWUzqgD/2/YPDZmiay6Rc41q8E/b4k15F8cquQWMhGFXBO7O9N9xFyEIQwZ1Z4GQ==", "commit"=>"Delete Cupcake", "id"=>"4"}
  [1m[36mCupcake Load (0.2ms)[0m  [1m[34mSELECT  "cupcakes".* FROM "cupcakes" WHERE "cupcakes"."id" = ? LIMIT ?[0m  [["id", 4], ["LIMIT", 1]]
  ↳ app/controllers/cupcakes_controller.rb:51
  [1m[35m (0.1ms)[0m  [1m[36mbegin transaction[0m
  ↳ app/controllers/cupcakes_controller.rb:40
  [1m[36mCupcake Destroy (0.6ms)[0m  [1m[31mDELETE FROM "cupcakes" WHERE "cupcakes"."id" = ?[0m  [["id", 4]]
  ↳ app/controllers/cupcakes_controller.rb:40
  [1m[35m (2.3ms)[0m  [1m[36mcommit transaction[0m
  ↳ app/controllers/cupcakes_controller.rb:40
Redirected to http://localhost:3000/cupcakes
Completed 302 Found in 8ms (ActiveRecord: 3.2ms)


Started GET "/cupcakes" for 127.0.0.1 at 2018-10-15 17:10:00 +0100
Processing by CupcakesController#index as HTML
  Rendering cupcakes/index.html.erb within layouts/application
  [1m[36mCupcake Load (0.2ms)[0m  [1m[34mSELECT "cupcakes".* FROM "cupcakes"[0m
  ↳ app/views/cupcakes/index.html.erb:6
  Rendered cupcakes/index.html.erb within layouts/application (2.6ms)
Completed 200 OK in 48ms (Views: 42.8ms | ActiveRecord: 0.2ms)


Started GET "/cupcakes/new" for 127.0.0.1 at 2018-10-15 17:10:43 +0100
Processing by CupcakesController#new as HTML
  Rendering cupcakes/new.html.erb within layouts/application
  Rendered cupcakes/_form.html.erb (1.9ms)
  Rendered cupcakes/new.html.erb within layouts/application (5.0ms)
Completed 200 OK in 41ms (Views: 28.8ms | ActiveRecord: 0.6ms)


Started POST "/cupcakes" for 127.0.0.1 at 2018-10-15 17:10:49 +0100
Processing by CupcakesController#create as HTML
  Parameters: {"utf8"=>"✓", "authenticity_token"=>"8q2M1T1/Seqlm0hr5gJ1qjv5XbcPyYNxU6mwBpOpQDB2hA9RuHvdn7HEJNranUbWGXvB50Z48IhNg34blDZ+3A==", "cupcake"=>{"name"=>"dan cake", "price"=>"999"}, "commit"=>"Create Cupcake"}
Completed 500 Internal Server Error in 58568ms (ActiveRecord: 0.0ms)


  
ActiveModel::ForbiddenAttributesError (ActiveModel::ForbiddenAttributesError):
  
app/controllers/cupcakes_controller.rb:17:in `create'
  [1m[36mCupcake Exists (0.2ms)[0m  [1m[34mSELECT  1 AS one FROM "cupcakes" WHERE "cupcakes"."name" = ? LIMIT ?[0m  [["name", "dafs"], ["LIMIT", 1]]
  [1m[35m (0.1ms)[0m  [1m[36mbegin transaction[0m
  [1m[36mCupcake Exists (0.3ms)[0m  [1m[34mSELECT  1 AS one FROM "cupcakes" WHERE "cupcakes"."name" = ? LIMIT ?[0m  [["name", "dafs"], ["LIMIT", 1]]
  [1m[35m (0.1ms)[0m  [1m[31mrollback transaction[0m
  [1m[35m (0.1ms)[0m  [1m[36mbegin transaction[0m
  [1m[36mCupcake Exists (0.3ms)[0m  [1m[34mSELECT  1 AS one FROM "cupcakes" WHERE "cupcakes"."name" = ? LIMIT ?[0m  [["name", "dafs"], ["LIMIT", 1]]
  [1m[35m (0.2ms)[0m  [1m[31mrollback transaction[0m
  [1m[35m (0.4ms)[0m  [1m[34mSELECT "schema_migrations"."version" FROM "schema_migrations" ORDER BY "schema_migrations"."version" ASC[0m
  ↳ bin/rails:9
Migrating to CreateCustomers (20181016132847)
  [1m[35m (0.2ms)[0m  [1m[36mbegin transaction[0m
  ↳ bin/rails:9
  [1m[35m (0.1ms)[0m  [1m[34mSELECT sqlite_version(*)[0m
  ↳ db/migrate/20181016132847_create_customers.rb:3
  [1m[35m (0.6ms)[0m  [1m[35mCREATE TABLE "customers" ("id" integer PRIMARY KEY AUTOINCREMENT NOT NULL, "name" varchar, "created_at" datetime NOT NULL, "updated_at" datetime NOT NULL)[0m
  ↳ db/migrate/20181016132847_create_customers.rb:3
  [1m[36mActiveRecord::SchemaMigration Create (0.5ms)[0m  [1m[32mINSERT INTO "schema_migrations" ("version") VALUES (?)[0m  [["version", "20181016132847"]]
  ↳ bin/rails:9
  [1m[35m (1.3ms)[0m  [1m[36mcommit transaction[0m
  ↳ bin/rails:9
  [1m[36mActiveRecord::InternalMetadata Load (0.5ms)[0m  [1m[34mSELECT  "ar_internal_metadata".* FROM "ar_internal_metadata" WHERE "ar_internal_metadata"."key" = ? LIMIT ?[0m  [["key", "environment"], ["LIMIT", 1]]
  ↳ bin/rails:9
  [1m[35m (0.0ms)[0m  [1m[36mbegin transaction[0m
  ↳ bin/rails:9
  [1m[35m (0.0ms)[0m  [1m[36mcommit transaction[0m
  ↳ bin/rails:9
  [1m[35m (0.3ms)[0m  [1m[34mSELECT "schema_migrations"."version" FROM "schema_migrations" ORDER BY "schema_migrations"."version" ASC[0m
  ↳ bin/rails:9
  [1m[35m (0.1ms)[0m  [1m[36mbegin transaction[0m
  [1m[36mCustomer Create (0.7ms)[0m  [1m[32mINSERT INTO "customers" ("name", "created_at", "updated_at") VALUES (?, ?, ?)[0m  [["name", "Dan"], ["created_at", "2018-10-16 13:32:17.077705"], ["updated_at", "2018-10-16 13:32:17.077705"]]
  [1m[35m (0.9ms)[0m  [1m[36mcommit transaction[0m
  [1m[35m (0.1ms)[0m  [1m[36mbegin transaction[0m
  [1m[36mCustomer Create (1.1ms)[0m  [1m[32mINSERT INTO "customers" ("name", "created_at", "updated_at") VALUES (?, ?, ?)[0m  [["name", "Oliver"], ["created_at", "2018-10-16 13:32:20.926973"], ["updated_at", "2018-10-16 13:32:20.926973"]]
  [1m[35m (2.9ms)[0m  [1m[36mcommit transaction[0m
  [1m[35m (0.1ms)[0m  [1m[36mbegin transaction[0m
  [1m[36mCustomer Create (0.9ms)[0m  [1m[32mINSERT INTO "customers" ("name", "created_at", "updated_at") VALUES (?, ?, ?)[0m  [["name", "Ryan"], ["created_at", "2018-10-16 13:32:25.095511"], ["updated_at", "2018-10-16 13:32:25.095511"]]
  [1m[35m (3.5ms)[0m  [1m[36mcommit transaction[0m
  [1m[35m (0.1ms)[0m  [1m[36mbegin transaction[0m
  [1m[36mCustomer Create (0.8ms)[0m  [1m[32mINSERT INTO "customers" ("name", "created_at", "updated_at") VALUES (?, ?, ?)[0m  [["name", "Barney"], ["created_at", "2018-10-16 13:32:40.394628"], ["updated_at", "2018-10-16 13:32:40.394628"]]
  [1m[35m (3.5ms)[0m  [1m[36mcommit transaction[0m
  [1m[35m (0.1ms)[0m  [1m[36mbegin transaction[0m
  [1m[36mCustomer Create (1.1ms)[0m  [1m[32mINSERT INTO "customers" ("name", "created_at", "updated_at") VALUES (?, ?, ?)[0m  [["name", "Lucy"], ["created_at", "2018-10-16 13:32:50.029418"], ["updated_at", "2018-10-16 13:32:50.029418"]]
  [1m[35m (3.9ms)[0m  [1m[36mcommit transaction[0m
